<?xml version="1.0" encoding="UTF-8"?>
<testng-results ignored="0" total="2" passed="1" failed="1" skipped="0">
  <reporter-output>
  </reporter-output>
  <suite started-at="2023-03-05T18:42:39 IST" name="Default suite" finished-at="2023-03-05T18:43:48 IST" duration-ms="69098">
    <groups>
    </groups>
    <test started-at="2023-03-05T18:42:39 IST" name="Default test" finished-at="2023-03-05T18:43:48 IST" duration-ms="69098">
      <class name="com.demoshopqa.tests.HomePageTest">
        <test-method is-config="true" signature="loadConfig()[pri:0, instance:com.demoshopqa.tests.HomePageTest@13e344d]" started-at="2023-03-05T18:42:39 IST" name="loadConfig" finished-at="2023-03-05T18:42:39 IST" duration-ms="9" status="PASS">
          <reporter-output>
          </reporter-output>
        </test-method> <!-- loadConfig -->
        <test-method is-config="true" signature="setup()[pri:0, instance:com.demoshopqa.tests.HomePageTest@13e344d]" started-at="2023-03-05T18:42:39 IST" name="setup" finished-at="2023-03-05T18:43:34 IST" duration-ms="54299" status="PASS">
          <reporter-output>
          </reporter-output>
        </test-method> <!-- setup -->
        <test-method signature="verifythaddress()[pri:0, instance:com.demoshopqa.tests.HomePageTest@13e344d]" started-at="2023-03-05T18:43:34 IST" name="verifythaddress" finished-at="2023-03-05T18:43:39 IST" duration-ms="5118" status="PASS">
          <reporter-output>
          </reporter-output>
        </test-method> <!-- verifythaddress -->
        <test-method is-config="true" signature="teardonw(org.testng.ITestResult)[pri:0, instance:com.demoshopqa.tests.HomePageTest@13e344d]" started-at="2023-03-05T18:43:39 IST" name="teardonw" finished-at="2023-03-05T18:43:39 IST" duration-ms="260" status="PASS">
          <params>
            <param index="0">
              <value>
                <![CDATA[[TestResult name=verifythaddress status=SUCCESS method=HomePageTest.verifythaddress()[pri:0, instance:com.demoshopqa.tests.HomePageTest@13e344d] output={null}]]]>
              </value>
            </param>
          </params>
          <reporter-output>
          </reporter-output>
        </test-method> <!-- teardonw -->
        <test-method is-config="true" signature="setup()[pri:0, instance:com.demoshopqa.tests.HomePageTest@13e344d]" started-at="2023-03-05T18:43:39 IST" name="setup" finished-at="2023-03-05T18:43:43 IST" duration-ms="4276" status="PASS">
          <reporter-output>
          </reporter-output>
        </test-method> <!-- setup -->
        <test-method signature="verifytheorder()[pri:0, instance:com.demoshopqa.tests.HomePageTest@13e344d]" started-at="2023-03-05T18:43:43 IST" name="verifytheorder" finished-at="2023-03-05T18:43:48 IST" duration-ms="4753" status="FAIL">
          <exception class="java.lang.AssertionError">
            <message>
              <![CDATA[expected [false] but found [true]]]>
            </message>
            <full-stacktrace>
              <![CDATA[java.lang.AssertionError: expected [false] but found [true]
at org.testng.Assert.fail(Assert.java:110)
at org.testng.Assert.failNotEquals(Assert.java:1413)
at org.testng.Assert.assertFalse(Assert.java:78)
at org.testng.Assert.assertFalse(Assert.java:88)
at com.demoshopqa.tests.HomePageTest.verifytheorder(HomePageTest.java:47)
at java.base/jdk.internal.reflect.DirectMethodHandleAccessor.invoke(DirectMethodHandleAccessor.java:104)
at java.base/java.lang.reflect.Method.invoke(Method.java:577)
at org.testng.internal.invokers.MethodInvocationHelper.invokeMethod(MethodInvocationHelper.java:139)
at org.testng.internal.invokers.TestInvoker.invokeMethod(TestInvoker.java:677)
at org.testng.internal.invokers.TestInvoker.invokeTestMethod(TestInvoker.java:221)
at org.testng.internal.invokers.MethodRunner.runInSequence(MethodRunner.java:50)
at org.testng.internal.invokers.TestInvoker$MethodInvocationAgent.invoke(TestInvoker.java:969)
at org.testng.internal.invokers.TestInvoker.invokeTestMethods(TestInvoker.java:194)
at org.testng.internal.invokers.TestMethodWorker.invokeTestMethods(TestMethodWorker.java:148)
at org.testng.internal.invokers.TestMethodWorker.run(TestMethodWorker.java:128)
at java.base/java.util.ArrayList.forEach(ArrayList.java:1511)
at org.testng.TestRunner.privateRun(TestRunner.java:829)
at org.testng.TestRunner.run(TestRunner.java:602)
at org.testng.SuiteRunner.runTest(SuiteRunner.java:437)
at org.testng.SuiteRunner.runSequentially(SuiteRunner.java:431)
at org.testng.SuiteRunner.privateRun(SuiteRunner.java:391)
at org.testng.SuiteRunner.run(SuiteRunner.java:330)
at org.testng.SuiteRunnerWorker.runSuite(SuiteRunnerWorker.java:52)
at org.testng.SuiteRunnerWorker.run(SuiteRunnerWorker.java:95)
at org.testng.TestNG.runSuitesSequentially(TestNG.java:1256)
at org.testng.TestNG.runSuitesLocally(TestNG.java:1176)
at org.testng.TestNG.runSuites(TestNG.java:1099)
at org.testng.TestNG.run(TestNG.java:1067)
at org.testng.remote.AbstractRemoteTestNG.run(AbstractRemoteTestNG.java:115)
at org.testng.remote.RemoteTestNG.initAndRun(RemoteTestNG.java:251)
at org.testng.remote.RemoteTestNG.main(RemoteTestNG.java:77)
]]>
            </full-stacktrace>
          </exception> <!-- java.lang.AssertionError -->
          <reporter-output>
          </reporter-output>
        </test-method> <!-- verifytheorder -->
        <test-method is-config="true" signature="teardonw(org.testng.ITestResult)[pri:0, instance:com.demoshopqa.tests.HomePageTest@13e344d]" started-at="2023-03-05T18:43:48 IST" name="teardonw" finished-at="2023-03-05T18:43:48 IST" duration-ms="349" status="PASS">
          <params>
            <param index="0">
              <value>
                <![CDATA[[TestResult name=verifytheorder status=FAILURE method=HomePageTest.verifytheorder()[pri:0, instance:com.demoshopqa.tests.HomePageTest@13e344d] output={null}]]]>
              </value>
            </param>
          </params>
          <reporter-output>
          </reporter-output>
        </test-method> <!-- teardonw -->
      </class> <!-- com.demoshopqa.tests.HomePageTest -->
    </test> <!-- Default test -->
  </suite> <!-- Default suite -->
</testng-results>
